<?xml version="1.0" encoding="UTF-8"?>
<!-- Generated by org.testng.reporters.JUnitReportReporter -->
<testsuite hostname="SunnyRaj" name="com.actiTime.customertest.customerDescription" tests="1" failures="0" timestamp="29 Jul 2018 04:28:01 GMT" time="12.031" errors="0">
  <testcase name="createCustomerWithDescription" time="12.031" classname="com.actiTime.customertest.customerDescription"/>
</testsuite> <!-- com.actiTime.customertest.customerDescription -->
