<?xml version="1.0" encoding="UTF-8"?>
<!-- Generated by org.testng.reporters.JUnitReportReporter -->
<testsuite hostname="SunnyRaj" name="com.actiTime.customertest.CustomerTest" tests="1" failures="0" timestamp="29 Jul 2018 04:18:07 GMT" time="10.794" errors="0">
  <testcase name="createCustomerTest" time="10.794" classname="com.actiTime.customertest.CustomerTest"/>
</testsuite> <!-- com.actiTime.customertest.CustomerTest -->
